Using pre-set license
Built from '2020.3/release' branch; Version is '2020.3.1f1 (77a89f25062f) revision 7841951'; Using compiler version '192528614'; Build Type 'Release'
OS: 'Windows 10 Pro; OS build 22000.493; Version 2009; 64bit' Language: 'es' Physical Memory: 16197 MB
BatchMode: 1, IsHumanControllingUs: 0, StartBugReporterOnCrash: 0, Is64bit: 1, IsPro: 0

 COMMAND LINE ARGUMENTS:
C:\Program Files\Unity\Hub\Editor\2020.3.1f1\Editor\Unity.exe
-adb2
-batchMode
-noUpm
-name
AssetImportWorker0
-projectPath
D:/Clase/GitHub/PR_ZAXXON_GarciaOscar/PR_ZAXXON_GarciaOscar
-logFile
Logs/AssetImportWorker0.log
-srvPort
53933
Successfully changed project path to: D:/Clase/GitHub/PR_ZAXXON_GarciaOscar/PR_ZAXXON_GarciaOscar
D:/Clase/GitHub/PR_ZAXXON_GarciaOscar/PR_ZAXXON_GarciaOscar
Using Asset Import Pipeline V2.
Refreshing native plugins compatible for Editor in 15.21 ms, found 0 plugins.
Preloading 0 native plugins for Editor in 0.00 ms.
Initialize engine version: 2020.3.1f1 (77a89f25062f)
[Subsystems] Discovering subsystems at path C:/Program Files/Unity/Hub/Editor/2020.3.1f1/Editor/Data/Resources/UnitySubsystems
[Subsystems] Discovering subsystems at path D:/Clase/GitHub/PR_ZAXXON_GarciaOscar/PR_ZAXXON_GarciaOscar/Assets
GfxDevice: creating device client; threaded=0
Direct3D:
    Version:  Direct3D 11.0 [level 11.1]
    Renderer: AMD Radeon RX 6600 XT (ID=0x73ff)
    Vendor:   
    VRAM:     7890 MB
    Driver:   30.0.13023.1012
Initialize mono
Mono path[0] = 'C:/Program Files/Unity/Hub/Editor/2020.3.1f1/Editor/Data/Managed'
Mono path[1] = 'C:/Program Files/Unity/Hub/Editor/2020.3.1f1/Editor/Data/MonoBleedingEdge/lib/mono/unityjit'
Mono config path = 'C:/Program Files/Unity/Hub/Editor/2020.3.1f1/Editor/Data/MonoBleedingEdge/etc'
Using monoOptions --debugger-agent=transport=dt_socket,embedding=1,server=y,suspend=n,address=127.0.0.1:56736
Begin MonoManager ReloadAssembly
Registering precompiled unity dll's ...
Register platform support module: C:/Program Files/Unity/Hub/Editor/2020.3.1f1/Editor/Data/PlaybackEngines/WindowsStandaloneSupport/UnityEditor.WindowsStandalone.Extensions.dll
Registered in 0.000894 seconds.
Native extension for WindowsStandalone target not found
Refreshing native plugins compatible for Editor in 14.64 ms, found 0 plugins.
Preloading 0 native plugins for Editor in 0.00 ms.
Invoked RoslynAnalysisRunner static constructor.
RoslynAnalysisRunner will not be running.
RoslynAnalysisRunner has terminated.
Mono: successfully reloaded assembly
- Completed reload, in  0.530 seconds
Platform modules already initialized, skipping
Registering precompiled user dll's ...
Registered in 0.000526 seconds.
Begin MonoManager ReloadAssembly
Native extension for WindowsStandalone target not found
Refreshing native plugins compatible for Editor in 0.15 ms, found 0 plugins.
Preloading 0 native plugins for Editor in 0.00 ms.
Invoked RoslynAnalysisRunner static constructor.
RoslynAnalysisRunner will not be running.
RoslynAnalysisRunner has terminated.
Mono: successfully reloaded assembly
- Completed reload, in  0.440 seconds
Platform modules already initialized, skipping
========================================================================
Worker process is ready to serve import requests
Launched and connected shader compiler UnityShaderCompiler.exe after 0.02 seconds
Refreshing native plugins compatible for Editor in 0.16 ms, found 0 plugins.
Preloading 0 native plugins for Editor in 0.00 ms.
Unloading 1169 Unused Serialized files (Serialized files now loaded: 0)
System memory in use before: 59.3 MB.
System memory in use after: 59.4 MB.

Unloading 10 unused Assets to reduce memory usage. Loaded Objects now: 1619.
Total: 1.167100 ms (FindLiveObjects: 0.075300 ms CreateObjectMapping: 0.019600 ms MarkObjects: 1.023600 ms  DeleteObjects: 0.046700 ms)

========================================================================
Received Import Request.
  path: Assets/Scripts/HighScore
  artifactKey: Guid(88a79e020c63898499b2e2fba4465bbc) Importer(815301076,1909f56bfc062723c751e8b465ee728b)
Start importing Assets/Scripts/HighScore using Guid(88a79e020c63898499b2e2fba4465bbc) Importer(815301076,1909f56bfc062723c751e8b465ee728b)  -> (artifact id: '5a59fea167a2bc9e468c231a24b40821') in 0.003207 seconds
  Import took 0.004433 seconds .

========================================================================
Received Import Request.
  Time since last request: 11.113541 seconds.
  path: Assets/Scripts/HighScore.cs
  artifactKey: Guid(329d1d04165747a40a51de42463de639) Importer(815301076,1909f56bfc062723c751e8b465ee728b)
Start importing Assets/Scripts/HighScore.cs using Guid(329d1d04165747a40a51de42463de639) Importer(815301076,1909f56bfc062723c751e8b465ee728b)  -> (artifact id: '89a2d2d402276d448101b785e67fa1ae') in 0.012254 seconds
  Import took 0.013544 seconds .

========================================================================
Received Import Request.
  Time since last request: 0.000499 seconds.
  path: Assets/Scripts/HighScore.cs
  artifactKey: Guid(329d1d04165747a40a51de42463de639) Importer(815301076,1909f56bfc062723c751e8b465ee728b)
Start importing Assets/Scripts/HighScore.cs using Guid(329d1d04165747a40a51de42463de639) Importer(815301076,1909f56bfc062723c751e8b465ee728b)  -> (artifact id: '89a2d2d402276d448101b785e67fa1ae') in 0.002379 seconds
  Import took 0.003549 seconds .

========================================================================
Received Import Request.
  Time since last request: 42.484239 seconds.
  path: Assets/HighScore.cs
  artifactKey: Guid(3b3f0606e376eae42adf66dbb821a264) Importer(815301076,1909f56bfc062723c751e8b465ee728b)
Start importing Assets/HighScore.cs using Guid(3b3f0606e376eae42adf66dbb821a264) Importer(815301076,1909f56bfc062723c751e8b465ee728b)  -> (artifact id: '713acb4417c40c7206001d78ebe3934f') in 0.003443 seconds
  Import took 0.004761 seconds .

========================================================================
Received Import Request.
  Time since last request: 17.568532 seconds.
  path: Assets/Scenes/HighScore.unity
  artifactKey: Guid(3b25f20b6057f5b47a28f9905f067261) Importer(815301076,1909f56bfc062723c751e8b465ee728b)
Start importing Assets/Scenes/HighScore.unity using Guid(3b25f20b6057f5b47a28f9905f067261) Importer(815301076,1909f56bfc062723c751e8b465ee728b)  -> (artifact id: 'a7092a24492c828160533486907b1256') in 0.006587 seconds
  Import took 0.007904 seconds .

========================================================================
Received Import Request.
  Time since last request: 3.362088 seconds.
  path: Assets/Scenes/High Score.unity
  artifactKey: Guid(3b25f20b6057f5b47a28f9905f067261) Importer(815301076,1909f56bfc062723c751e8b465ee728b)
Start importing Assets/Scenes/High Score.unity using Guid(3b25f20b6057f5b47a28f9905f067261) Importer(815301076,1909f56bfc062723c751e8b465ee728b)  -> (artifact id: 'a684edb1e8ecbef917a641ea7735c32b') in 0.002885 seconds
  Import took 0.004516 seconds .

========================================================================
Received Import Request.
  Time since last request: 77.429478 seconds.
  path: Assets/Scripts/HighScore.cs
  artifactKey: Guid(3b3f0606e376eae42adf66dbb821a264) Importer(815301076,1909f56bfc062723c751e8b465ee728b)
Start importing Assets/Scripts/HighScore.cs using Guid(3b3f0606e376eae42adf66dbb821a264) Importer(815301076,1909f56bfc062723c751e8b465ee728b)  -> (artifact id: '19b1158d584a5cc30b9d5db82809eedc') in 0.004219 seconds
  Import took 0.005695 seconds .

AssetImportWorkerClient::OnTransportError - code=2 error=End of file
