Using pre-set license
Built from '2020.3/release' branch; Version is '2020.3.1f1 (77a89f25062f) revision 7841951'; Using compiler version '192528614'; Build Type 'Release'
OS: 'Windows 10 Home; OS build 19042.1288; Version 2009; 64bit' Language: 'es' Physical Memory: 16274 MB
BatchMode: 1, IsHumanControllingUs: 0, StartBugReporterOnCrash: 0, Is64bit: 1, IsPro: 0

 COMMAND LINE ARGUMENTS:
C:\Program Files\Unity\Hub\Editor\2020.3.1f1\Editor\Unity.exe
-adb2
-batchMode
-noUpm
-name
AssetImportWorker0
-projectPath
J:/Clase/RPMI/GitHub/PR_ZAXXON/PR_ZAXXON_GarciaOscar
-logFile
Logs/AssetImportWorker0.log
-srvPort
60070
Successfully changed project path to: J:/Clase/RPMI/GitHub/PR_ZAXXON/PR_ZAXXON_GarciaOscar
J:/Clase/RPMI/GitHub/PR_ZAXXON/PR_ZAXXON_GarciaOscar
Using Asset Import Pipeline V2.
Refreshing native plugins compatible for Editor in 19.56 ms, found 0 plugins.
Preloading 0 native plugins for Editor in 0.00 ms.
Initialize engine version: 2020.3.1f1 (77a89f25062f)
[Subsystems] Discovering subsystems at path C:/Program Files/Unity/Hub/Editor/2020.3.1f1/Editor/Data/Resources/UnitySubsystems
[Subsystems] Discovering subsystems at path J:/Clase/RPMI/GitHub/PR_ZAXXON/PR_ZAXXON_GarciaOscar/Assets
GfxDevice: creating device client; threaded=0
Direct3D:
    Version:  Direct3D 11.0 [level 11.1]
    Renderer: NVIDIA GeForce GTX 1060 3GB (ID=0x1c02)
    Vendor:   
    VRAM:     2988 MB
    Driver:   30.0.14.7196
Initialize mono
Mono path[0] = 'C:/Program Files/Unity/Hub/Editor/2020.3.1f1/Editor/Data/Managed'
Mono path[1] = 'C:/Program Files/Unity/Hub/Editor/2020.3.1f1/Editor/Data/MonoBleedingEdge/lib/mono/unityjit'
Mono config path = 'C:/Program Files/Unity/Hub/Editor/2020.3.1f1/Editor/Data/MonoBleedingEdge/etc'
Using monoOptions --debugger-agent=transport=dt_socket,embedding=1,server=y,suspend=n,address=127.0.0.1:56012
Begin MonoManager ReloadAssembly
Registering precompiled unity dll's ...
Register platform support module: C:/Program Files/Unity/Hub/Editor/2020.3.1f1/Editor/Data/PlaybackEngines/WindowsStandaloneSupport/UnityEditor.WindowsStandalone.Extensions.dll
Registered in 0.001865 seconds.
Native extension for WindowsStandalone target not found
Refreshing native plugins compatible for Editor in 19.58 ms, found 0 plugins.
Preloading 0 native plugins for Editor in 0.00 ms.
Invoked RoslynAnalysisRunner static constructor.
RoslynAnalysisRunner will not be running.
RoslynAnalysisRunner has terminated.
Mono: successfully reloaded assembly
- Completed reload, in  0.929 seconds
Platform modules already initialized, skipping
Registering precompiled user dll's ...
Registered in 0.000571 seconds.
Begin MonoManager ReloadAssembly
Native extension for WindowsStandalone target not found
Refreshing native plugins compatible for Editor in 0.18 ms, found 0 plugins.
Preloading 0 native plugins for Editor in 0.00 ms.
Invoked RoslynAnalysisRunner static constructor.
RoslynAnalysisRunner will not be running.
RoslynAnalysisRunner has terminated.
Mono: successfully reloaded assembly
- Completed reload, in  0.681 seconds
Platform modules already initialized, skipping
========================================================================
Worker process is ready to serve import requests
Launched and connected shader compiler UnityShaderCompiler.exe after 0.04 seconds
Refreshing native plugins compatible for Editor in 0.17 ms, found 0 plugins.
Preloading 0 native plugins for Editor in 0.00 ms.
Unloading 1153 Unused Serialized files (Serialized files now loaded: 0)
System memory in use before: 58.1 MB.
System memory in use after: 58.1 MB.

Unloading 9 unused Assets to reduce memory usage. Loaded Objects now: 1597.
Total: 1.346700 ms (FindLiveObjects: 0.109100 ms CreateObjectMapping: 0.032900 ms MarkObjects: 1.156300 ms  DeleteObjects: 0.047700 ms)

========================================================================
Received Import Request.
  path: Assets/UI/IniBtns/NewGame.png
  artifactKey: Guid(ce83f14bdedb9de45ba0b28fc7bda07e) Importer(815301076,1909f56bfc062723c751e8b465ee728b)
Start importing Assets/UI/IniBtns/NewGame.png using Guid(ce83f14bdedb9de45ba0b28fc7bda07e) Importer(815301076,1909f56bfc062723c751e8b465ee728b)  -> (artifact id: '43241e9f5795c46f8f62030dba89dab8') in 0.082530 seconds
  Import took 0.084163 seconds .

========================================================================
Received Import Request.
  Time since last request: 5.004427 seconds.
  path: Assets/UI/IniBtns/NewGameSel.png
  artifactKey: Guid(4b5144818357e684995fb2d23b4c3739) Importer(815301076,1909f56bfc062723c751e8b465ee728b)
Start importing Assets/UI/IniBtns/NewGameSel.png using Guid(4b5144818357e684995fb2d23b4c3739) Importer(815301076,1909f56bfc062723c751e8b465ee728b)  -> (artifact id: 'c54f7454fe80ca7b13d478aca198a1ce') in 0.014422 seconds
  Import took 0.016579 seconds .

========================================================================
Received Prepare
Registering precompiled user dll's ...
Registered in 0.000611 seconds.
Begin MonoManager ReloadAssembly
Native extension for WindowsStandalone target not found
Refreshing native plugins compatible for Editor in 0.19 ms, found 0 plugins.
Preloading 0 native plugins for Editor in 0.00 ms.
Invoked RoslynAnalysisRunner static constructor.
RoslynAnalysisRunner will not be running.
RoslynAnalysisRunner has terminated.
Mono: successfully reloaded assembly
- Completed reload, in  0.617 seconds
Platform modules already initialized, skipping
Refreshing native plugins compatible for Editor in 0.18 ms, found 0 plugins.
Preloading 0 native plugins for Editor in 0.00 ms.
Unloading 1147 Unused Serialized files (Serialized files now loaded: 0)
System memory in use before: 61.0 MB.
System memory in use after: 61.1 MB.

Unloading 4 unused Assets to reduce memory usage. Loaded Objects now: 1606.
Total: 1.387800 ms (FindLiveObjects: 0.106100 ms CreateObjectMapping: 0.027700 ms MarkObjects: 1.243200 ms  DeleteObjects: 0.010100 ms)

========================================================================
Received Import Request.
  Time since last request: 166.509716 seconds.
  path: Assets/UI/Boton high score 3.png
  artifactKey: Guid(07025b2be76214c48972c50f69e82666) Importer(815301076,1909f56bfc062723c751e8b465ee728b)
Start importing Assets/UI/Boton high score 3.png using Guid(07025b2be76214c48972c50f69e82666) Importer(815301076,1909f56bfc062723c751e8b465ee728b)  -> (artifact id: '53a2dca724592874de1fd5e6cf535570') in 0.058306 seconds
  Import took 0.060158 seconds .

========================================================================
Received Import Request.
  Time since last request: 325.210709 seconds.
  path: Assets/UI/IniBtns/New game
  artifactKey: Guid(15f73701c9527c14193fe572c655a02b) Importer(815301076,1909f56bfc062723c751e8b465ee728b)
Start importing Assets/UI/IniBtns/New game using Guid(15f73701c9527c14193fe572c655a02b) Importer(815301076,1909f56bfc062723c751e8b465ee728b)  -> (artifact id: '3c26449c76f95939d55d95eb292121e1') in 0.008377 seconds
  Import took 0.010889 seconds .

========================================================================
Received Import Request.
  Time since last request: 2.826581 seconds.
  path: Assets/UI/IniBtns/New game/New game 2.png
  artifactKey: Guid(912fb9b0a7373f34e834174bca818b0b) Importer(815301076,1909f56bfc062723c751e8b465ee728b)
Start importing Assets/UI/IniBtns/New game/New game 2.png using Guid(912fb9b0a7373f34e834174bca818b0b) Importer(815301076,1909f56bfc062723c751e8b465ee728b)  -> (artifact id: '0f431579f885e868e71a279cf9e3d08e') in 0.015968 seconds
  Import took 0.018069 seconds .

========================================================================
Received Import Request.
  Time since last request: 15.318725 seconds.
  path: Assets/UI/IniBtns/New game/New game.png
  artifactKey: Guid(a8ce46952f1ebff478fd448cd124af64) Importer(815301076,1909f56bfc062723c751e8b465ee728b)
Start importing Assets/UI/IniBtns/New game/New game.png using Guid(a8ce46952f1ebff478fd448cd124af64) Importer(815301076,1909f56bfc062723c751e8b465ee728b)  -> (artifact id: 'c803b9e132764933e614d1d699e101cc') in 0.013354 seconds
  Import took 0.015604 seconds .

========================================================================
Received Import Request.
  Time since last request: 0.000614 seconds.
  path: Assets/UI/IniBtns/New game/New game.png
  artifactKey: Guid(a8ce46952f1ebff478fd448cd124af64) Importer(815301076,1909f56bfc062723c751e8b465ee728b)
Start importing Assets/UI/IniBtns/New game/New game.png using Guid(a8ce46952f1ebff478fd448cd124af64) Importer(815301076,1909f56bfc062723c751e8b465ee728b)  -> (artifact id: 'c803b9e132764933e614d1d699e101cc') in 0.006599 seconds
  Import took 0.008647 seconds .

========================================================================
Received Import Request.
  Time since last request: 650.523655 seconds.
  path: Assets/UI/IniBtns/New game/new game 1.png
  artifactKey: Guid(3d9a2c7b57b4a32499e753a9e9671520) Importer(815301076,1909f56bfc062723c751e8b465ee728b)
Start importing Assets/UI/IniBtns/New game/new game 1.png using Guid(3d9a2c7b57b4a32499e753a9e9671520) Importer(815301076,1909f56bfc062723c751e8b465ee728b)  -> (artifact id: '546ec5ae1102370e5002bb2b1d7a8ff5') in 0.012249 seconds
  Import took 0.014696 seconds .

========================================================================
Received Import Request.
  Time since last request: 0.001210 seconds.
  path: Assets/UI/IniBtns/New game/new game 1.png
  artifactKey: Guid(3d9a2c7b57b4a32499e753a9e9671520) Importer(815301076,1909f56bfc062723c751e8b465ee728b)
Start importing Assets/UI/IniBtns/New game/new game 1.png using Guid(3d9a2c7b57b4a32499e753a9e9671520) Importer(815301076,1909f56bfc062723c751e8b465ee728b)  -> (artifact id: '546ec5ae1102370e5002bb2b1d7a8ff5') in 0.005142 seconds
  Import took 0.007680 seconds .

========================================================================
Received Import Request.
  Time since last request: 43.280448 seconds.
  path: Assets/UI/IniBtns/New game/new game 1.png
  artifactKey: Guid(3d9a2c7b57b4a32499e753a9e9671520) Importer(815301076,1909f56bfc062723c751e8b465ee728b)
Start importing Assets/UI/IniBtns/New game/new game 1.png using Guid(3d9a2c7b57b4a32499e753a9e9671520) Importer(815301076,1909f56bfc062723c751e8b465ee728b)  -> (artifact id: 'd4ef0f6c781890a7e252bccfd9090c66') in 0.009153 seconds
  Import took 0.010976 seconds .

========================================================================
Received Import Request.
  Time since last request: 28.276616 seconds.
  path: Assets/UI/IniBtns/New game/new game 2.png
  artifactKey: Guid(912fb9b0a7373f34e834174bca818b0b) Importer(815301076,1909f56bfc062723c751e8b465ee728b)
Start importing Assets/UI/IniBtns/New game/new game 2.png using Guid(912fb9b0a7373f34e834174bca818b0b) Importer(815301076,1909f56bfc062723c751e8b465ee728b)  -> (artifact id: 'd207ef1565a9cb51af3ee3a06b7fc718') in 0.009377 seconds
  Import took 0.011517 seconds .

========================================================================
Received Import Request.
  Time since last request: 4.543946 seconds.
  path: Assets/UI/IniBtns/New game/new game 2.png
  artifactKey: Guid(912fb9b0a7373f34e834174bca818b0b) Importer(815301076,1909f56bfc062723c751e8b465ee728b)
Start importing Assets/UI/IniBtns/New game/new game 2.png using Guid(912fb9b0a7373f34e834174bca818b0b) Importer(815301076,1909f56bfc062723c751e8b465ee728b)  -> (artifact id: '38949953ea294256caf916b4f42f2c44') in 0.011126 seconds
  Import took 0.013746 seconds .

========================================================================
Received Prepare
Registering precompiled user dll's ...
Registered in 0.000613 seconds.
Begin MonoManager ReloadAssembly
Native extension for WindowsStandalone target not found
Refreshing native plugins compatible for Editor in 0.18 ms, found 0 plugins.
Preloading 0 native plugins for Editor in 0.00 ms.
Invoked RoslynAnalysisRunner static constructor.
RoslynAnalysisRunner will not be running.
RoslynAnalysisRunner has terminated.
Mono: successfully reloaded assembly
- Completed reload, in  0.660 seconds
Platform modules already initialized, skipping
Refreshing native plugins compatible for Editor in 0.18 ms, found 0 plugins.
Preloading 0 native plugins for Editor in 0.00 ms.
Unloading 1147 Unused Serialized files (Serialized files now loaded: 0)
System memory in use before: 61.1 MB.
System memory in use after: 61.2 MB.

Unloading 4 unused Assets to reduce memory usage. Loaded Objects now: 1615.
Total: 1.544500 ms (FindLiveObjects: 0.143500 ms CreateObjectMapping: 0.034400 ms MarkObjects: 1.352900 ms  DeleteObjects: 0.012900 ms)

========================================================================
Received Import Request.
  Time since last request: 103.064920 seconds.
  path: Assets/UI/IniBtns/New game/new game 1.png
  artifactKey: Guid(3d9a2c7b57b4a32499e753a9e9671520) Importer(815301076,1909f56bfc062723c751e8b465ee728b)
Start importing Assets/UI/IniBtns/New game/new game 1.png using Guid(3d9a2c7b57b4a32499e753a9e9671520) Importer(815301076,1909f56bfc062723c751e8b465ee728b)  -> (artifact id: '984b7cf1174268f61ca651196b46c71c') in 0.047873 seconds
  Import took 0.050306 seconds .

========================================================================
Received Import Request.
  Time since last request: 1.019839 seconds.
  path: Assets/UI/IniBtns/New game/new game 2.png
  artifactKey: Guid(912fb9b0a7373f34e834174bca818b0b) Importer(815301076,1909f56bfc062723c751e8b465ee728b)
Start importing Assets/UI/IniBtns/New game/new game 2.png using Guid(912fb9b0a7373f34e834174bca818b0b) Importer(815301076,1909f56bfc062723c751e8b465ee728b)  -> (artifact id: '1a47ed0b26a340658076b9ec50eefcfc') in 0.006504 seconds
  Import took 0.008542 seconds .

========================================================================
Received Import Request.
  Time since last request: 357.608541 seconds.
  path: Assets/UI/IniBtns/Configuration/Configuration 1.png
  artifactKey: Guid(3125573ad2aabd741a576ff25b6e204c) Importer(815301076,1909f56bfc062723c751e8b465ee728b)
Start importing Assets/UI/IniBtns/Configuration/Configuration 1.png using Guid(3125573ad2aabd741a576ff25b6e204c) Importer(815301076,1909f56bfc062723c751e8b465ee728b)  -> (artifact id: '5f6d9db6b8f727ad338686fb941d5138') in 0.011479 seconds
  Import took 0.014192 seconds .

========================================================================
Received Import Request.
  Time since last request: 11.780048 seconds.
  path: Assets/UI/IniBtns/Configuration/Configuration 1.png
  artifactKey: Guid(3125573ad2aabd741a576ff25b6e204c) Importer(815301076,1909f56bfc062723c751e8b465ee728b)
Start importing Assets/UI/IniBtns/Configuration/Configuration 1.png using Guid(3125573ad2aabd741a576ff25b6e204c) Importer(815301076,1909f56bfc062723c751e8b465ee728b)  -> (artifact id: '8583039cec84b527b020856adbd01303') in 0.012917 seconds
  Import took 0.015047 seconds .

========================================================================
Received Import Request.
  Time since last request: 0.001749 seconds.
  path: Assets/UI/IniBtns/Configuration/Configuration 1.png
  artifactKey: Guid(3125573ad2aabd741a576ff25b6e204c) Importer(815301076,1909f56bfc062723c751e8b465ee728b)
Start importing Assets/UI/IniBtns/Configuration/Configuration 1.png using Guid(3125573ad2aabd741a576ff25b6e204c) Importer(815301076,1909f56bfc062723c751e8b465ee728b)  -> (artifact id: '8583039cec84b527b020856adbd01303') in 0.006664 seconds
  Import took 0.008757 seconds .

========================================================================
Received Import Request.
  Time since last request: 1.869609 seconds.
  path: Assets/UI/IniBtns/Configuration/Configuration 2.png
  artifactKey: Guid(a897dc03f651df546a4ef9e0da67b8fd) Importer(815301076,1909f56bfc062723c751e8b465ee728b)
Start importing Assets/UI/IniBtns/Configuration/Configuration 2.png using Guid(a897dc03f651df546a4ef9e0da67b8fd) Importer(815301076,1909f56bfc062723c751e8b465ee728b)  -> (artifact id: 'f781b278e102fcacfa846ff83b72bb61') in 0.009613 seconds
  Import took 0.011734 seconds .

========================================================================
Received Import Request.
  Time since last request: 5.126701 seconds.
  path: Assets/UI/IniBtns/Configuration/Configuration 2.png
  artifactKey: Guid(a897dc03f651df546a4ef9e0da67b8fd) Importer(815301076,1909f56bfc062723c751e8b465ee728b)
Start importing Assets/UI/IniBtns/Configuration/Configuration 2.png using Guid(a897dc03f651df546a4ef9e0da67b8fd) Importer(815301076,1909f56bfc062723c751e8b465ee728b)  -> (artifact id: '25a37b301f8fecbe8f6cc05bcf78fa70') in 0.011025 seconds
  Import took 0.013246 seconds .

========================================================================
Received Prepare
Registering precompiled user dll's ...
Registered in 0.000611 seconds.
Begin MonoManager ReloadAssembly
Native extension for WindowsStandalone target not found
Refreshing native plugins compatible for Editor in 0.18 ms, found 0 plugins.
Preloading 0 native plugins for Editor in 0.00 ms.
Invoked RoslynAnalysisRunner static constructor.
RoslynAnalysisRunner will not be running.
RoslynAnalysisRunner has terminated.
Mono: successfully reloaded assembly
- Completed reload, in  0.629 seconds
Platform modules already initialized, skipping
Refreshing native plugins compatible for Editor in 0.20 ms, found 0 plugins.
Preloading 0 native plugins for Editor in 0.00 ms.
Unloading 1147 Unused Serialized files (Serialized files now loaded: 0)
System memory in use before: 61.1 MB.
System memory in use after: 61.2 MB.

Unloading 4 unused Assets to reduce memory usage. Loaded Objects now: 1622.
Total: 1.261200 ms (FindLiveObjects: 0.117900 ms CreateObjectMapping: 0.030500 ms MarkObjects: 1.100400 ms  DeleteObjects: 0.011500 ms)

========================================================================
Received Import Request.
  Time since last request: 304.517113 seconds.
  path: Assets/UI/IniBtns/High score/High score 1.png
  artifactKey: Guid(d35ca2dc12dab0d4099e36cf3c211524) Importer(815301076,1909f56bfc062723c751e8b465ee728b)
Start importing Assets/UI/IniBtns/High score/High score 1.png using Guid(d35ca2dc12dab0d4099e36cf3c211524) Importer(815301076,1909f56bfc062723c751e8b465ee728b)  -> (artifact id: '0163986aa22b2a53c9937616d0640fc0') in 0.038297 seconds
  Import took 0.040438 seconds .

========================================================================
Received Import Request.
  Time since last request: 9.417794 seconds.
  path: Assets/UI/IniBtns/High score/High score 1.png
  artifactKey: Guid(d35ca2dc12dab0d4099e36cf3c211524) Importer(815301076,1909f56bfc062723c751e8b465ee728b)
Start importing Assets/UI/IniBtns/High score/High score 1.png using Guid(d35ca2dc12dab0d4099e36cf3c211524) Importer(815301076,1909f56bfc062723c751e8b465ee728b)  -> (artifact id: 'e24dcd5b5edb67641f657d94fced17f7') in 0.030625 seconds
  Import took 0.032353 seconds .

========================================================================
Received Import Request.
  Time since last request: 1.130137 seconds.
  path: Assets/UI/IniBtns/High score/High score 2.png
  artifactKey: Guid(e43dbb917f57ff74994813f5ab9bd8d6) Importer(815301076,1909f56bfc062723c751e8b465ee728b)
Start importing Assets/UI/IniBtns/High score/High score 2.png using Guid(e43dbb917f57ff74994813f5ab9bd8d6) Importer(815301076,1909f56bfc062723c751e8b465ee728b)  -> (artifact id: '862e8969abff01d7d5458bd33fa98c5c') in 0.016181 seconds
  Import took 0.018073 seconds .

========================================================================
Received Import Request.
  Time since last request: 4.452257 seconds.
  path: Assets/UI/IniBtns/High score/High score 2.png
  artifactKey: Guid(e43dbb917f57ff74994813f5ab9bd8d6) Importer(815301076,1909f56bfc062723c751e8b465ee728b)
Start importing Assets/UI/IniBtns/High score/High score 2.png using Guid(e43dbb917f57ff74994813f5ab9bd8d6) Importer(815301076,1909f56bfc062723c751e8b465ee728b)  -> (artifact id: '85c3022f2d461d1c8ad425009ccb9dfa') in 0.011721 seconds
  Import took 0.013585 seconds .

========================================================================
Received Prepare
Registering precompiled user dll's ...
Registered in 0.000532 seconds.
Begin MonoManager ReloadAssembly
Native extension for WindowsStandalone target not found
Refreshing native plugins compatible for Editor in 0.18 ms, found 0 plugins.
Preloading 0 native plugins for Editor in 0.00 ms.
Invoked RoslynAnalysisRunner static constructor.
RoslynAnalysisRunner will not be running.
RoslynAnalysisRunner has terminated.
Mono: successfully reloaded assembly
- Completed reload, in  0.649 seconds
Platform modules already initialized, skipping
Refreshing native plugins compatible for Editor in 0.19 ms, found 0 plugins.
Preloading 0 native plugins for Editor in 0.00 ms.
Unloading 1147 Unused Serialized files (Serialized files now loaded: 0)
System memory in use before: 61.1 MB.
System memory in use after: 61.2 MB.

Unloading 4 unused Assets to reduce memory usage. Loaded Objects now: 1627.
Total: 1.310800 ms (FindLiveObjects: 0.107500 ms CreateObjectMapping: 0.030400 ms MarkObjects: 1.161300 ms  DeleteObjects: 0.010900 ms)

========================================================================
Received Import Request.
  Time since last request: 124.491387 seconds.
  path: Assets/UI/Pantalla 1.jpg
  artifactKey: Guid(06625db40c1a0f144bc260eee24b92d5) Importer(815301076,1909f56bfc062723c751e8b465ee728b)
Start importing Assets/UI/Pantalla 1.jpg using Guid(06625db40c1a0f144bc260eee24b92d5) Importer(815301076,1909f56bfc062723c751e8b465ee728b)  -> (artifact id: '8bcace17a84603bab91dbfff25375bef') in 0.044407 seconds
  Import took 0.046283 seconds .

========================================================================
Received Import Request.
  Time since last request: 0.001482 seconds.
  path: Assets/UI/Pantalla 1.jpg
  artifactKey: Guid(06625db40c1a0f144bc260eee24b92d5) Importer(815301076,1909f56bfc062723c751e8b465ee728b)
Start importing Assets/UI/Pantalla 1.jpg using Guid(06625db40c1a0f144bc260eee24b92d5) Importer(815301076,1909f56bfc062723c751e8b465ee728b)  -> (artifact id: '8bcace17a84603bab91dbfff25375bef') in 0.006254 seconds
  Import took 0.007970 seconds .

========================================================================
Received Import Request.
  Time since last request: 9.728181 seconds.
  path: Assets/UI/Pantalla 2.jpg
  artifactKey: Guid(ba24de3fb48ec01479fe4f8888d9bd06) Importer(815301076,1909f56bfc062723c751e8b465ee728b)
Start importing Assets/UI/Pantalla 2.jpg using Guid(ba24de3fb48ec01479fe4f8888d9bd06) Importer(815301076,1909f56bfc062723c751e8b465ee728b)  -> (artifact id: '29cda251f547b8289ef688d7f6a0407c') in 0.013003 seconds
  Import took 0.014947 seconds .

========================================================================
Received Import Request.
  Time since last request: 0.000810 seconds.
  path: Assets/UI/Pantalla 2.jpg
  artifactKey: Guid(ba24de3fb48ec01479fe4f8888d9bd06) Importer(815301076,1909f56bfc062723c751e8b465ee728b)
Start importing Assets/UI/Pantalla 2.jpg using Guid(ba24de3fb48ec01479fe4f8888d9bd06) Importer(815301076,1909f56bfc062723c751e8b465ee728b)  -> (artifact id: '29cda251f547b8289ef688d7f6a0407c') in 0.006432 seconds
  Import took 0.008210 seconds .

========================================================================
Received Import Request.
  Time since last request: 173.394539 seconds.
  path: Assets/UI/Pantalla 2.jpg
  artifactKey: Guid(ba24de3fb48ec01479fe4f8888d9bd06) Importer(815301076,1909f56bfc062723c751e8b465ee728b)
Start importing Assets/UI/Pantalla 2.jpg using Guid(ba24de3fb48ec01479fe4f8888d9bd06) Importer(815301076,1909f56bfc062723c751e8b465ee728b)  -> (artifact id: 'f13c6231828ce021e59d09b4669db4ee') in 0.011483 seconds
  Import took 0.013398 seconds .

========================================================================
Received Import Request.
  Time since last request: 0.014859 seconds.
  path: Assets/UI/Pantalla 2.jpg
  artifactKey: Guid(ba24de3fb48ec01479fe4f8888d9bd06) Importer(815301076,1909f56bfc062723c751e8b465ee728b)
Start importing Assets/UI/Pantalla 2.jpg using Guid(ba24de3fb48ec01479fe4f8888d9bd06) Importer(815301076,1909f56bfc062723c751e8b465ee728b)  -> (artifact id: 'f13c6231828ce021e59d09b4669db4ee') in 0.006795 seconds
  Import took 0.008676 seconds .

========================================================================
Received Prepare
Registering precompiled user dll's ...
Registered in 0.000634 seconds.
Begin MonoManager ReloadAssembly
Native extension for WindowsStandalone target not found
Refreshing native plugins compatible for Editor in 0.19 ms, found 0 plugins.
Preloading 0 native plugins for Editor in 0.00 ms.
Invoked RoslynAnalysisRunner static constructor.
RoslynAnalysisRunner will not be running.
RoslynAnalysisRunner has terminated.
Mono: successfully reloaded assembly
- Completed reload, in  0.623 seconds
Platform modules already initialized, skipping
Refreshing native plugins compatible for Editor in 0.19 ms, found 0 plugins.
Preloading 0 native plugins for Editor in 0.00 ms.
Unloading 1147 Unused Serialized files (Serialized files now loaded: 0)
System memory in use before: 61.1 MB.
System memory in use after: 61.2 MB.

Unloading 4 unused Assets to reduce memory usage. Loaded Objects now: 1632.
Total: 1.364300 ms (FindLiveObjects: 0.113900 ms CreateObjectMapping: 0.030000 ms MarkObjects: 1.208500 ms  DeleteObjects: 0.011100 ms)

AssetImportWorkerClient::OnTransportError - code=2 error=End of file
